android/app/build/intermediates/manifest_merge_blame_file/debug/manifest-merger-blame-debug-report.txt
1<?xml version="1.0" encoding="utf-8"?>
2<manifest xmlns:android="http://schemas.android.com/apk/res/android"
3    package="com.zemo"
4    android:versionCode="1"
5    android:versionName="1.0" >
6
7    <uses-sdk
8        android:minSdkVersion="21"
9        android:targetSdkVersion="30" />
10
11    <uses-permission android:name="android.permission.SYSTEM_ALERT_WINDOW" />
11-->src/debug/AndroidManifest.xml:5:5-77
11-->src/debug/AndroidManifest.xml:5:22-75
12    <uses-permission android:name="android.permission.INTERNET" />
12-->src/main/AndroidManifest.xml:4:5-67
12-->src/main/AndroidManifest.xml:4:22-64
13    <uses-permission android:name="android.permission.ACCESS_WIFI_STATE" />
13-->[com.facebook.flipper:flipper:0.99.0] AndroidManifest.xml:16:5-76
13-->[com.facebook.flipper:flipper:0.99.0] AndroidManifest.xml:16:22-73
14    <uses-permission android:name="android.permission.WRITE_EXTERNAL_STORAGE" />
14-->[:expo-file-system] AndroidManifest.xml:11:5-81
14-->[:expo-file-system] AndroidManifest.xml:11:22-78
15    <uses-permission android:name="android.permission.READ_EXTERNAL_STORAGE" />
15-->[:expo-file-system] AndroidManifest.xml:12:5-80
15-->[:expo-file-system] AndroidManifest.xml:12:22-77
16
17    <queries>
17-->[:expo-file-system] AndroidManifest.xml:14:5-20:15
18
19        <!-- Query open documents -->
20        <intent>
20-->[:expo-file-system] AndroidManifest.xml:17:9-19:18
21            <action android:name="android.intent.action.OPEN_DOCUMENT_TREE" />
21-->[:expo-file-system] AndroidManifest.xml:18:13-79
21-->[:expo-file-system] AndroidManifest.xml:18:21-76
22        </intent>
23    </queries>
24
25    <uses-permission android:name="android.permission.USE_FINGERPRINT" />
25-->[:expo-local-authentication] AndroidManifest.xml:9:5-74
25-->[:expo-local-authentication] AndroidManifest.xml:9:22-71
26    <uses-permission android:name="android.permission.USE_BIOMETRIC" />
26-->[:expo-local-authentication] AndroidManifest.xml:10:5-72
26-->[:expo-local-authentication] AndroidManifest.xml:10:22-69
27    <uses-permission android:name="com.google.android.finsky.permission.BIND_GET_INSTALL_REFERRER_SERVICE" />
27-->[com.android.installreferrer:installreferrer:1.0] AndroidManifest.xml:9:5-110
27-->[com.android.installreferrer:installreferrer:1.0] AndroidManifest.xml:9:22-107
28
29    <application
29-->src/main/AndroidManifest.xml:6:5-25:19
30        android:name="com.zemo.MainApplication"
30-->src/main/AndroidManifest.xml:7:7-38
31        android:allowBackup="false"
31-->src/main/AndroidManifest.xml:11:7-34
32        android:appComponentFactory="androidx.core.app.CoreComponentFactory"
32-->[androidx.core:core:1.6.0] AndroidManifest.xml:24:18-86
33        android:debuggable="true"
34        android:icon="@mipmap/ic_launcher"
34-->src/main/AndroidManifest.xml:9:7-41
35        android:label="@string/app_name"
35-->src/main/AndroidManifest.xml:8:7-39
36        android:roundIcon="@mipmap/ic_launcher_round"
36-->src/main/AndroidManifest.xml:10:7-52
37        android:theme="@style/AppTheme"
37-->src/main/AndroidManifest.xml:12:7-38
38        android:usesCleartextTraffic="true" >
38-->src/debug/AndroidManifest.xml:8:9-44
39        <activity android:name="com.facebook.react.devsupport.DevSettingsActivity" />
39-->src/debug/AndroidManifest.xml:11:9-86
39-->src/debug/AndroidManifest.xml:11:19-83
40        <activity
40-->src/main/AndroidManifest.xml:13:7-24:18
41            android:name="com.zemo.MainActivity"
41-->src/main/AndroidManifest.xml:14:9-37
42            android:configChanges="keyboard|keyboardHidden|orientation|screenSize|uiMode"
42-->src/main/AndroidManifest.xml:17:11-88
43            android:label="@string/app_name"
43-->src/main/AndroidManifest.xml:15:9-41
44            android:launchMode="singleTask"
44-->src/main/AndroidManifest.xml:18:9-40
45            android:screenOrientation="portrait"
45-->src/main/AndroidManifest.xml:16:11-47
46            android:windowSoftInputMode="adjustResize" >
46-->src/main/AndroidManifest.xml:19:9-51
47            <intent-filter>
47-->src/main/AndroidManifest.xml:20:9-23:25
48                <action android:name="android.intent.action.MAIN" />
48-->src/main/AndroidManifest.xml:21:13-65
48-->src/main/AndroidManifest.xml:21:21-62
49
50                <category android:name="android.intent.category.LAUNCHER" />
50-->src/main/AndroidManifest.xml:22:13-73
50-->src/main/AndroidManifest.xml:22:23-70
51            </intent-filter>
52        </activity>
53
54        <provider
54-->[:react-native-image-picker] AndroidManifest.xml:10:9-18:20
55            android:name="com.imagepicker.ImagePickerProvider"
55-->[:react-native-image-picker] AndroidManifest.xml:11:13-63
56            android:authorities="com.zemo.imagepickerprovider"
56-->[:react-native-image-picker] AndroidManifest.xml:12:13-71
57            android:exported="false"
57-->[:react-native-image-picker] AndroidManifest.xml:13:13-37
58            android:grantUriPermissions="true" >
58-->[:react-native-image-picker] AndroidManifest.xml:14:13-47
59            <meta-data
59-->[:react-native-image-picker] AndroidManifest.xml:15:13-17:70
60                android:name="android.support.FILE_PROVIDER_PATHS"
60-->[:react-native-image-picker] AndroidManifest.xml:16:17-67
61                android:resource="@xml/imagepicker_provider_paths" />
61-->[:react-native-image-picker] AndroidManifest.xml:17:17-67
62        </provider>
63        <provider
63-->[:expo-file-system] AndroidManifest.xml:23:9-32:20
64            android:name="expo.modules.filesystem.FileSystemFileProvider"
64-->[:expo-file-system] AndroidManifest.xml:24:13-74
65            android:authorities="com.zemo.FileSystemFileProvider"
65-->[:expo-file-system] AndroidManifest.xml:25:13-74
66            android:exported="false"
66-->[:expo-file-system] AndroidManifest.xml:26:13-37
67            android:grantUriPermissions="true" >
67-->[:expo-file-system] AndroidManifest.xml:27:13-47
68            <meta-data
68-->[:react-native-image-picker] AndroidManifest.xml:15:13-17:70
69                android:name="android.support.FILE_PROVIDER_PATHS"
69-->[:react-native-image-picker] AndroidManifest.xml:16:17-67
70                android:resource="@xml/file_system_provider_paths" />
70-->[:react-native-image-picker] AndroidManifest.xml:17:17-67
71        </provider>
72
73        <meta-data
73-->[:expo-modules-core] AndroidManifest.xml:10:9-12:89
74            android:name="org.unimodules.core.AppLoader#react-native-headless"
74-->[:expo-modules-core] AndroidManifest.xml:11:13-79
75            android:value="expo.modules.adapters.react.apploader.RNHeadlessAppLoader" />
75-->[:expo-modules-core] AndroidManifest.xml:12:13-86
76    </application>
77
78</manifest>